<?xml version="1.0" encoding="UTF-8"?>
<!-- Generated by org.testng.reporters.JUnitXMLReporter -->
<testsuite hostname="LAPTOP-20464U94" name="Default test" tests="3" failures="0" timestamp="5 Sep 2020 19:32:18 GMT" time="8.599" errors="0">
  <testcase name="openBrowser" time="5.594" classname="mercuryTour.MercuryTour"/>
  <testcase name="OpenAutUrl" time="1.183" classname="mercuryTour.MercuryTour"/>
  <testcase name="verifyPageTitle" time="0.04" classname="mercuryTour.MercuryTour"/>
</testsuite> <!-- Default test -->
