<?xml version="1.0" encoding="UTF-8"?>
<testng-results skipped="0" failed="0" total="3" passed="3">
  <reporter-output>
  </reporter-output>
  <suite name="Default suite" duration-ms="8599" started-at="2020-09-05T19:32:09Z" finished-at="2020-09-05T19:32:18Z">
    <groups>
    </groups>
    <test name="Default test" duration-ms="8599" started-at="2020-09-05T19:32:09Z" finished-at="2020-09-05T19:32:18Z">
      <class name="mercuryTour.MercuryTour">
        <test-method status="PASS" signature="setUp()[pri:0, instance:mercuryTour.MercuryTour@14acaea5]" name="setUp" is-config="true" duration-ms="594" started-at="2020-09-05T15:32:09Z" finished-at="2020-09-05T15:32:10Z">
          <reporter-output>
          </reporter-output>
        </test-method> <!-- setUp -->
        <test-method status="PASS" signature="openBrowser()[pri:0, instance:mercuryTour.MercuryTour@14acaea5]" name="openBrowser" duration-ms="5594" started-at="2020-09-05T15:32:10Z" finished-at="2020-09-05T15:32:15Z">
          <reporter-output>
          </reporter-output>
        </test-method> <!-- openBrowser -->
        <test-method status="PASS" signature="checkResults(org.testng.ITestResult)[pri:0, instance:mercuryTour.MercuryTour@14acaea5]" name="checkResults" is-config="true" duration-ms="1" started-at="2020-09-05T15:32:15Z" finished-at="2020-09-05T15:32:15Z">
          <params>
            <param index="0">
              <value>
                <![CDATA[[TestResult name=openBrowser status=SUCCESS method=MercuryTour.openBrowser()[pri:0, instance:mercuryTour.MercuryTour@14acaea5] output={null}]]]>
              </value>
            </param>
          </params>
          <reporter-output>
          </reporter-output>
        </test-method> <!-- checkResults -->
        <test-method status="PASS" signature="OpenAutUrl()[pri:1, instance:mercuryTour.MercuryTour@14acaea5]" name="OpenAutUrl" duration-ms="1183" started-at="2020-09-05T15:32:15Z" finished-at="2020-09-05T15:32:17Z">
          <reporter-output>
          </reporter-output>
        </test-method> <!-- OpenAutUrl -->
        <test-method status="PASS" signature="checkResults(org.testng.ITestResult)[pri:0, instance:mercuryTour.MercuryTour@14acaea5]" name="checkResults" is-config="true" duration-ms="0" started-at="2020-09-05T15:32:17Z" finished-at="2020-09-05T15:32:17Z">
          <params>
            <param index="0">
              <value>
                <![CDATA[[TestResult name=OpenAutUrl status=SUCCESS method=MercuryTour.OpenAutUrl()[pri:1, instance:mercuryTour.MercuryTour@14acaea5] output={null}]]]>
              </value>
            </param>
          </params>
          <reporter-output>
          </reporter-output>
        </test-method> <!-- checkResults -->
        <test-method status="PASS" signature="verifyPageTitle()[pri:2, instance:mercuryTour.MercuryTour@14acaea5]" name="verifyPageTitle" duration-ms="40" started-at="2020-09-05T15:32:17Z" finished-at="2020-09-05T15:32:17Z">
          <reporter-output>
          </reporter-output>
        </test-method> <!-- verifyPageTitle -->
        <test-method status="PASS" signature="cleanUp()[pri:0, instance:mercuryTour.MercuryTour@14acaea5]" name="cleanUp" is-config="true" duration-ms="1153" started-at="2020-09-05T15:32:17Z" finished-at="2020-09-05T15:32:18Z">
          <reporter-output>
          </reporter-output>
        </test-method> <!-- cleanUp -->
        <test-method status="PASS" signature="checkResults(org.testng.ITestResult)[pri:0, instance:mercuryTour.MercuryTour@14acaea5]" name="checkResults" is-config="true" duration-ms="0" started-at="2020-09-05T15:32:17Z" finished-at="2020-09-05T15:32:17Z">
          <params>
            <param index="0">
              <value>
                <![CDATA[[TestResult name=verifyPageTitle status=SUCCESS method=MercuryTour.verifyPageTitle()[pri:2, instance:mercuryTour.MercuryTour@14acaea5] output={null}]]]>
              </value>
            </param>
          </params>
          <reporter-output>
          </reporter-output>
        </test-method> <!-- checkResults -->
      </class> <!-- mercuryTour.MercuryTour -->
    </test> <!-- Default test -->
  </suite> <!-- Default suite -->
</testng-results>
